[Wed Jun 24 10:00:18 PDT 2026] Starting pipeline for sample: SRR23610502
[Wed Jun 24 10:00:18 PDT 2026] Step 1/6 — Adapter trimming (fastp)
Detecting adapter sequence for read1...
No adapter detected for read1

Detecting adapter sequence for read2...
No adapter detected for read2

Read1 before filtering:
total reads: 9242482
total bases: 895721891
Q20 bases: 885613392(98.8715%)
Q30 bases: 870365073(97.1691%)
Q40 bases: 0(0%)

Read2 before filtering:
total reads: 9242482
total bases: 895702399
Q20 bases: 884633708(98.7642%)
Q30 bases: 866465614(96.7359%)
Q40 bases: 0(0%)

Read1 after filtering:
total reads: 8990485
total bases: 884488365
Q20 bases: 875150987(98.9443%)
Q30 bases: 860215398(97.2557%)
Q40 bases: 0(0%)

Read2 after filtering:
total reads: 8990485
total bases: 884453727
Q20 bases: 874662401(98.893%)
Q30 bases: 856929927(96.888%)
Q40 bases: 0(0%)

Filtering result:
reads passed filter: 17980970
reads failed due to low quality: 37366
reads failed due to too many N: 47220
reads failed due to too short: 419408
reads failed due to adapter dimer: 0
reads with adapter trimmed: 50934
bases trimmed due to adapters: 245587

Duplication rate: 70.0343%

Insert size peak (evaluated by paired-end reads): 168

JSON report: data/results/SRR23610502/trimmed/SRR23610502_fastp.json
HTML report: data/results/SRR23610502/trimmed/SRR23610502_fastp.html

fastp --in1 data/raw/SRR23610502_R1.fastq.gz --in2 data/raw/SRR23610502_R2.fastq.gz --out1 data/results/SRR23610502/trimmed/SRR23610502_R1.fastq.gz --out2 data/results/SRR23610502/trimmed/SRR23610502_R2.fastq.gz --json data/results/SRR23610502/trimmed/SRR23610502_fastp.json --html data/results/SRR23610502/trimmed/SRR23610502_fastp.html --thread 4 --qualified_quality_phred 20 --length_required 50 --detect_adapter_for_pe 
fastp v1.1.0, time used: 40 seconds
[Wed Jun 24 10:00:59 PDT 2026] Step 2/6 — Alignment (minimap2)
[M::mm_idx_gen::0.002*1.61] collected minimizers
[M::mm_idx_gen::0.003*2.24] sorted minimizers
[M::main::0.003*2.23] loaded/built the index for 1 target sequence(s)
[M::mm_mapopt_update::0.003*2.23] mid_occ = 1000
[M::mm_idx_stat] kmer size: 21; skip: 11; is_hpc: 0; #seq: 1
[M::mm_idx_stat::0.003*2.18] distinct minimizers: 4989 (99.98% are singletons); average occurrences: 1.002; average spacing: 5.979; total length: 29903
[M::worker_pipeline::1.228*3.89] mapped 508142 sequences
[M::worker_pipeline::1.788*4.29] mapped 508302 sequences
[M::worker_pipeline::2.389*4.50] mapped 508458 sequences
[M::worker_pipeline::2.954*4.63] mapped 507782 sequences
[M::worker_pipeline::3.537*4.72] mapped 508308 sequences
[M::worker_pipeline::4.103*4.78] mapped 508384 sequences
[M::worker_pipeline::4.672*4.83] mapped 508072 sequences
[M::worker_pipeline::5.234*4.86] mapped 508302 sequences
[M::worker_pipeline::5.791*4.89] mapped 508188 sequences
[M::worker_pipeline::6.358*4.92] mapped 508318 sequences
[M::worker_pipeline::6.933*4.94] mapped 508292 sequences
[M::worker_pipeline::7.475*4.96] mapped 508430 sequences
[M::worker_pipeline::8.055*4.97] mapped 508566 sequences
[M::worker_pipeline::8.624*4.98] mapped 508374 sequences
[M::worker_pipeline::9.156*5.00] mapped 508196 sequences
[M::worker_pipeline::9.696*5.01] mapped 508136 sequences
[M::worker_pipeline::10.290*5.01] mapped 508078 sequences
[M::worker_pipeline::10.851*5.02] mapped 507848 sequences
[M::worker_pipeline::11.410*5.03] mapped 508250 sequences
[M::worker_pipeline::11.970*5.03] mapped 508320 sequences
[M::worker_pipeline::12.545*5.04] mapped 508440 sequences
[M::worker_pipeline::15.741*4.46] mapped 508098 sequences
[M::worker_pipeline::16.083*4.40] mapped 508200 sequences
[M::worker_pipeline::16.437*4.40] mapped 508248 sequences
[M::worker_pipeline::17.099*4.44] mapped 508064 sequences
[M::worker_pipeline::17.686*4.46] mapped 508494 sequences
[M::worker_pipeline::18.239*4.48] mapped 508238 sequences
[M::worker_pipeline::18.826*4.50] mapped 508088 sequences
[M::worker_pipeline::19.386*4.52] mapped 508408 sequences
[M::worker_pipeline::19.988*4.54] mapped 508720 sequences
[M::worker_pipeline::20.584*4.56] mapped 508242 sequences
[M::worker_pipeline::21.172*4.57] mapped 508114 sequences
[M::worker_pipeline::21.743*4.59] mapped 508232 sequences
[M::worker_pipeline::22.301*4.59] mapped 508328 sequences
[M::worker_pipeline::22.851*4.58] mapped 508030 sequences
[M::worker_pipeline::22.953*4.56] mapped 192280 sequences
[M::main] Version: 2.31-r1302
[M::main] CMD: minimap2 -ax sr -t 4 /opt/anaconda3/envs/freyja-env/lib/python3.13/site-packages/freyja/data/NC_045512_Hu-1.fasta data/results/SRR23610502/trimmed/SRR23610502_R1.fastq.gz data/results/SRR23610502/trimmed/SRR23610502_R2.fastq.gz
[M::main] Real time: 22.953 sec; CPU: 104.756 sec; Peak RSS: 0.934 GB
[bam_sort_core] merging from 1 files and 4 in-memory blocks...
[Wed Jun 24 10:01:32 PDT 2026] Step 3/6 — Primer trimming (ivar trim)
Found 209 primers in BED file
Reading from data/results/SRR23610502/aligned/SRR23610502.sorted.bam
Processed 1000000 reads ... 
Processed 2000000 reads ... 
Processed 3000000 reads ... 
Processed 4000000 reads ... 
Processed 5000000 reads ... 
Processed 6000000 reads ... 
Processed 7000000 reads ... 
Processed 8000000 reads ... 
Processed 9000000 reads ... 
Processed 10000000 reads ... 
Processed 11000000 reads ... 
Processed 12000000 reads ... 
Processed 13000000 reads ... 
Processed 14000000 reads ... 
Processed 15000000 reads ... 

-------
Results: 
Primer Name	Read Count
SARS-CoV-2_1_LEFT	3253
SARS-CoV-2_2_LEFT	12617
SARS-CoV-2_1_RIGHT	1423
SARS-CoV-2_3_LEFT	17763
SARS-CoV-2_2_RIGHT	16437
SARS-CoV-2_4_LEFT	10108
SARS-CoV-2_3_RIGHT	13481
SARS-CoV-2_5_LEFT	2945
SARS-CoV-2_4_RIGHT	12295
SARS-CoV-2_6_LEFT	51561
SARS-CoV-2_5_RIGHT	4214
SARS-CoV-2_7_LEFT	97135
SARS-CoV-2_6_RIGHT	34528
SARS-CoV-2_8_LEFT	5534
SARS-CoV-2_7_RIGHT	53372
SARS-CoV-2_9_LEFT	8442
SARS-CoV-2_8_RIGHT	802
SARS-CoV-2_10_LEFT_alt1	539
SARS-CoV-2_10_LEFT	47421
SARS-CoV-2_9_RIGHT	12304
SARS-CoV-2_11_LEFT	16961
SARS-CoV-2_10_RIGHT_alt1	25392
SARS-CoV-2_10_RIGHT	3398
SARS-CoV-2_12_LEFT	27066
SARS-CoV-2_11_RIGHT	20023
SARS-CoV-2_13_LEFT	4927
SARS-CoV-2_12_RIGHT	35358
SARS-CoV-2_14_LEFT	977
SARS-CoV-2_13_RIGHT	211
SARS-CoV-2_15_LEFT	466
SARS-CoV-2_14_RIGHT	334
SARS-CoV-2_16_LEFT	13000
SARS-CoV-2_15_RIGHT	868
SARS-CoV-2_17_LEFT	4097
SARS-CoV-2_16_RIGHT	24124
SARS-CoV-2_18_LEFT	30762
SARS-CoV-2_17_RIGHT	8408
SARS-CoV-2_19_LEFT	22113
SARS-CoV-2_18_RIGHT	33213
SARS-CoV-2_20_LEFT	15423
SARS-CoV-2_19_RIGHT	13822
SARS-CoV-2_21_LEFT	821
SARS-CoV-2_20_RIGHT	9405
SARS-CoV-2_22_LEFT	83
SARS-CoV-2_21_RIGHT	29
SARS-CoV-2_23_LEFT	4120
SARS-CoV-2_22_RIGHT	1268
SARS-CoV-2_24_LEFT	11929
SARS-CoV-2_23_RIGHT	5526
SARS-CoV-2_23_RIGHT_alt1	226
SARS-CoV-2_25_LEFT	14083
SARS-CoV-2_24_RIGHT	9626
SARS-CoV-2_26_LEFT	19615
SARS-CoV-2_25_RIGHT	32476
SARS-CoV-2_27_LEFT	2515
SARS-CoV-2_26_RIGHT	10276
SARS-CoV-2_28_LEFT	66193
SARS-CoV-2_27_RIGHT_alt1	3070
SARS-CoV-2_27_RIGHT	484
SARS-CoV-2_29_LEFT	9634
SARS-CoV-2_28_RIGHT	115550
SARS-CoV-2_30_LEFT	3226
SARS-CoV-2_29_RIGHT	204
SARS-CoV-2_31_LEFT	991
SARS-CoV-2_30_RIGHT	2854
SARS-CoV-2_32_LEFT	66161
SARS-CoV-2_31_RIGHT	5426
SARS-CoV-2_33_LEFT	10637
SARS-CoV-2_32_RIGHT	54016
SARS-CoV-2_34_LEFT	38628
SARS-CoV-2_33_RIGHT	10504
SARS-CoV-2_35_LEFT	10059
SARS-CoV-2_34_RIGHT	52785
SARS-CoV-2_36_LEFT	14389
SARS-CoV-2_35_RIGHT	7294
SARS-CoV-2_37_LEFT	13445
SARS-CoV-2_36_RIGHT	7684
SARS-CoV-2_38_LEFT	43757
SARS-CoV-2_37_RIGHT	17598
SARS-CoV-2_39_LEFT	678
SARS-CoV-2_38_RIGHT	22895
SARS-CoV-2_40_LEFT	15981
SARS-CoV-2_39_RIGHT	687
SARS-CoV-2_41_LEFT	7107
SARS-CoV-2_40_RIGHT	21466
SARS-CoV-2_42_LEFT	16194
SARS-CoV-2_41_RIGHT	5934
SARS-CoV-2_43_LEFT	59065
SARS-CoV-2_42_RIGHT	10470
SARS-CoV-2_44_LEFT	25531
SARS-CoV-2_43_RIGHT	40815
SARS-CoV-2_45_LEFT	3269
SARS-CoV-2_44_RIGHT	18226
SARS-CoV-2_46_LEFT	42846
SARS-CoV-2_45_RIGHT	6994
SARS-CoV-2_47_LEFT	8068
SARS-CoV-2_46_RIGHT	39005
SARS-CoV-2_48_LEFT	34374
SARS-CoV-2_47_RIGHT	5418
SARS-CoV-2_49_LEFT	1124
SARS-CoV-2_48_RIGHT	40370
SARS-CoV-2_50_LEFT	17706
SARS-CoV-2_49_RIGHT	782
SARS-CoV-2_51_LEFT	2458
SARS-CoV-2_50_RIGHT	9818
SARS-CoV-2_52_LEFT	63329
SARS-CoV-2_51_RIGHT	2786
SARS-CoV-2_53_LEFT	37338
SARS-CoV-2_52_RIGHT	106619
SARS-CoV-2_54_LEFT	50368
SARS-CoV-2_53_RIGHT	39639
SARS-CoV-2_55_LEFT	13332
SARS-CoV-2_54_RIGHT	27989
SARS-CoV-2_56_LEFT	50222
SARS-CoV-2_55_RIGHT	13441
SARS-CoV-2_57_LEFT	24085
SARS-CoV-2_56_RIGHT	74303
SARS-CoV-2_58_LEFT	91208
SARS-CoV-2_57_RIGHT	8128
SARS-CoV-2_59_LEFT	7107
SARS-CoV-2_58_RIGHT	53597
SARS-CoV-2_60_LEFT	796
SARS-CoV-2_59_RIGHT	1175
SARS-CoV-2_61_LEFT	16581
SARS-CoV-2_60_RIGHT	1193
SARS-CoV-2_62_LEFT	55784
SARS-CoV-2_61_RIGHT	25027
SARS-CoV-2_63_LEFT	36222
SARS-CoV-2_62_RIGHT	31468
SARS-CoV-2_64_LEFT	2875
SARS-CoV-2_63_RIGHT	46462
SARS-CoV-2_65_LEFT	22494
SARS-CoV-2_64_RIGHT	2172
SARS-CoV-2_66_LEFT	485
SARS-CoV-2_65_RIGHT	8075
SARS-CoV-2_67_LEFT	15134
SARS-CoV-2_66_RIGHT	2361
SARS-CoV-2_68_LEFT	14211
SARS-CoV-2_67_RIGHT	16807
SARS-CoV-2_69_LEFT	18377
SARS-CoV-2_68_RIGHT	22897
SARS-CoV-2_70_LEFT	29454
SARS-CoV-2_69_RIGHT	21068
SARS-CoV-2_71_LEFT	6174
SARS-CoV-2_70_RIGHT	18389
SARS-CoV-2_72_LEFT	22037
SARS-CoV-2_71_RIGHT	11246
SARS-CoV-2_73_LEFT	2672
SARS-CoV-2_72_RIGHT	27215
SARS-CoV-2_74_LEFT	680
SARS-CoV-2_73_RIGHT	3160
SARS-CoV-2_75_LEFT	1633
SARS-CoV-2_74_RIGHT	228
SARS-CoV-2_76_LEFT	243
SARS-CoV-2_76_LEFT_alt1	8520
SARS-CoV-2_75_RIGHT	492
SARS-CoV-2_77_LEFT	6163
SARS-CoV-2_76_RIGHT	5110
SARS-CoV-2_76_RIGHT_alt1	4440
SARS-CoV-2_78_LEFT	33514
SARS-CoV-2_77_RIGHT	12223
SARS-CoV-2_79_LEFT	23721
SARS-CoV-2_78_RIGHT	67240
SARS-CoV-2_80_LEFT	10703
SARS-CoV-2_79_RIGHT_alt1	8294
SARS-CoV-2_79_RIGHT	296
SARS-CoV-2_81_LEFT	16671
SARS-CoV-2_80_RIGHT	10757
SARS-CoV-2_82_LEFT	59882
SARS-CoV-2_81_RIGHT	23237
SARS-CoV-2_83_LEFT	10238
SARS-CoV-2_82_RIGHT	32048
SARS-CoV-2_84_LEFT	43227
SARS-CoV-2_83_RIGHT	9874
SARS-CoV-2_85_LEFT	11095
SARS-CoV-2_84_RIGHT	28617
SARS-CoV-2_86_LEFT	47474
SARS-CoV-2_85_RIGHT	8223
SARS-CoV-2_87_LEFT	13511
SARS-CoV-2_86_RIGHT	45240
SARS-CoV-2_88_LEFT_alt1	8031
SARS-CoV-2_88_LEFT	26708
SARS-CoV-2_87_RIGHT	66291
SARS-CoV-2_89_LEFT	876
SARS-CoV-2_89_LEFT_alt1	74754
SARS-CoV-2_88_RIGHT	16733
SARS-CoV-2_90_LEFT	6457
SARS-CoV-2_89_RIGHT	47507
SARS-CoV-2_89_RIGHT_alt1	5383
SARS-CoV-2_91_LEFT	11252
SARS-CoV-2_90_RIGHT_alt1	2538
SARS-CoV-2_90_RIGHT	1883
SARS-CoV-2_92_LEFT	15369
SARS-CoV-2_91_RIGHT	12166
SARS-CoV-2_93_LEFT	52554
SARS-CoV-2_92_RIGHT	11119
SARS-CoV-2_94_LEFT	49435
SARS-CoV-2_93_RIGHT	36219
SARS-CoV-2_95_LEFT	27071
SARS-CoV-2_94_RIGHT	34274
SARS-CoV-2_96_LEFT	83280
SARS-CoV-2_95_RIGHT	35316
SARS-CoV-2_97_LEFT	22284
SARS-CoV-2_96_RIGHT	49199
SARS-CoV-2_98_LEFT	30868
SARS-CoV-2_97_RIGHT	16512
SARS-CoV-2_99_LEFT	2036
SARS-CoV-2_98_RIGHT	39463
SARS-CoV-2_99_RIGHT	3393

Trimmed primers from 27.37% (4105837) of reads.
2.58% (387551) of reads were quality trimmed below the minimum length of 50 bp and were not written to file.
71.61% (10741968) of reads that started outside of primer regions were not written to file
2984383 unmapped reads were not written to file.
9.32% (1398298) of reads had their insert size smaller than their read length
[bam_sort_core] merging from 0 files and 4 in-memory blocks...
[Wed Jun 24 10:02:49 PDT 2026] Step 4/6 — Alignment statistics
[Wed Jun 24 10:03:00 PDT 2026] Step 5/6 — Variant calling + depth (freyja variants)
samtools mpileup -aa -A -d 600000 -Q 20 -q 0 -B -f /opt/anaconda3/envs/freyja-env/lib/python3.13/site-packages/freyja/data/NC_045512_Hu-1.fasta data/results/SRR23610502/aligned/SRR23610502.trimmed.sorted.bam | tee >(cut -f1-4 > data/results/SRR23610502/variants/SRR23610502.depths.tsv) | ivar variants -p data/results/SRR23610502/variants/SRR23610502 -q 20 -t 0.0 -r /opt/anaconda3/envs/freyja-env/lib/python3.13/site-packages/freyja/data/NC_045512_Hu-1.fasta
[mpileup] 1 samples in 1 input files
[Wed Jun 24 10:05:54 PDT 2026] Step 6/6 — Lineage demixing (freyja demix)
/opt/anaconda3/envs/freyja-env/lib/python3.13/site-packages/freyja/sample_deconv.py:201: UserWarning: Solution may be inaccurate. Try another solver, adjusting the solver settings, or solve with verbose=True for more information.
  prob.solve(verbose=verbose, solver=solver_, **solver_kwargs)
building mix/depth matrices
demixing
[Wed Jun 24 10:06:04 PDT 2026] Done. Results → data/results/SRR23610502/SRR23610502.freyja.tsv

── Lineage summary ──────────────────────────────────────────────────────
	data/results/SRR23610502/variants/SRR23610502.tsv
summarized	[('Omicron', 0.9966075908193971)]
lineages	BG.5 BG.7 BA.2.50 BA.2.12.2 BA.2.12.1 BA.4.1.3 BA.4.1.6 BA.4.1.4 BA.4.1.9 BA.4.1 BA.4.8 XAS BA.2.29 BA.2.1 BA.2.64 BA.2.41 BA.2.24 BA.2.31 BA.2.4 BA.2.10 BA.2.27 BA.2.65 BA.2.5 BA.2.30 BA.2.56 BA.2.28 BA.2.11 BA.2.61 BA.2.10.3 BA.2.10.2 BA.2.32 BA.2.26 BA.2.55 BA.2.31.1 BA.2.70 BA.2.3 BA.2.40.1 CS.1 BA.4.1.10
abundances	0.29272641 0.29272303 0.07066099 0.04167300 0.04167300 0.02024538 0.02024538 0.02024538 0.02024538 0.02024538 0.01095782 0.01095782 0.00574357 0.00574357 0.00574357 0.00574357 0.00574357 0.00574357 0.00574357 0.00574357 0.00574357 0.00574357 0.00574357 0.00574357 0.00574357 0.00574357 0.00574357 0.00574357 0.00574357 0.00574357 0.00574357 0.00574357 0.00574357 0.00574357 0.00269616 0.00140673 0.00119624 0.00117553 0.00117553
resid	3.1720599827520894
coverage	49.13553824031034
