[Wed Jun 24 09:16:54 PDT 2026] Starting pipeline for sample: SRR39226689
[Wed Jun 24 09:16:54 PDT 2026] Step 1/7 — Adapter trimming (fastp)
/Users/chiyuenwong/Library/Mobile Documents/com~apple~CloudDocs/covid_sequencing/run_sample.sh: line 46: fastp: command not found
[Wed Jun 24 09:17:13 PDT 2026] Starting pipeline for sample: SRR39226689
[Wed Jun 24 09:17:13 PDT 2026] Step 1/7 — Adapter trimming (fastp)
Detecting adapter sequence for read1...
No adapter detected for read1

Detecting adapter sequence for read2...
No adapter detected for read2

Read1 before filtering:
total reads: 624220
total bases: 41781444
Q20 bases: 40428772(96.7625%)
Q30 bases: 39705572(95.0316%)
Q40 bases: 0(0%)

Read2 before filtering:
total reads: 624220
total bases: 41673929
Q20 bases: 39972387(95.917%)
Q30 bases: 39258519(94.204%)
Q40 bases: 0(0%)

Read1 after filtering:
total reads: 256205
total bases: 25172294
Q20 bases: 25058608(99.5484%)
Q30 bases: 24571974(97.6152%)
Q40 bases: 0(0%)

Read2 after filtering:
total reads: 256205
total bases: 24898987
Q20 bases: 24739010(99.3575%)
Q30 bases: 24389779(97.9549%)
Q40 bases: 0(0%)

Filtering result:
reads passed filter: 512410
reads failed due to low quality: 68360
reads failed due to too many N: 148
reads failed due to too short: 667522
reads failed due to adapter dimer: 0
reads with adapter trimmed: 18312
bases trimmed due to adapters: 970378

Duplication rate: 86.0354%

Insert size peak (evaluated by paired-end reads): 42

JSON report: data/results/SRR39226689/trimmed/SRR39226689_fastp.json
HTML report: data/results/SRR39226689/trimmed/SRR39226689_fastp.html

fastp --in1 data/raw/SRR39226689_R1.fastq.gz --in2 data/raw/SRR39226689_R2.fastq.gz --out1 data/results/SRR39226689/trimmed/SRR39226689_R1.fastq.gz --out2 data/results/SRR39226689/trimmed/SRR39226689_R2.fastq.gz --json data/results/SRR39226689/trimmed/SRR39226689_fastp.json --html data/results/SRR39226689/trimmed/SRR39226689_fastp.html --thread 4 --qualified_quality_phred 20 --length_required 50 --detect_adapter_for_pe 
fastp v1.1.0, time used: 8 seconds
[Wed Jun 24 09:17:21 PDT 2026] Step 2/7 — Alignment (minimap2)
[M::mm_idx_gen::0.002*1.98] collected minimizers
[M::mm_idx_gen::0.002*2.58] sorted minimizers
[M::main::0.003*2.53] loaded/built the index for 1 target sequence(s)
[M::mm_mapopt_update::0.003*2.53] mid_occ = 1000
[M::mm_idx_stat] kmer size: 21; skip: 11; is_hpc: 0; #seq: 1
[M::mm_idx_stat::0.003*2.46] distinct minimizers: 4989 (99.98% are singletons); average occurrences: 1.002; average spacing: 5.979; total length: 29903
[M::worker_pipeline::1.234*2.39] mapped 511672 sequences
[M::worker_pipeline::1.235*2.39] mapped 738 sequences
[M::main] Version: 2.31-r1302
[M::main] CMD: minimap2 -ax sr -t 4 /opt/anaconda3/envs/freyja-env/lib/python3.13/site-packages/freyja/data/NC_045512_Hu-1.fasta data/results/SRR39226689/trimmed/SRR39226689_R1.fastq.gz data/results/SRR39226689/trimmed/SRR39226689_R2.fastq.gz
[M::main] Real time: 1.235 sec; CPU: 2.955 sec; Peak RSS: 0.197 GB
[bam_sort_core] merging from 0 files and 4 in-memory blocks...
[Wed Jun 24 09:17:23 PDT 2026] Step 3/7 — Primer trimming (ivar trim)
Found 209 primers in BED file
Reading from data/results/SRR39226689/aligned/SRR39226689.sorted.bam

-------
Results: 
Primer Name	Read Count
SARS-CoV-2_1_LEFT	1441
SARS-CoV-2_2_LEFT	0
SARS-CoV-2_1_RIGHT	0
SARS-CoV-2_3_LEFT	0
SARS-CoV-2_2_RIGHT	0
SARS-CoV-2_4_LEFT	1450
SARS-CoV-2_3_RIGHT	4
SARS-CoV-2_5_LEFT	0
SARS-CoV-2_4_RIGHT	4
SARS-CoV-2_6_LEFT	0
SARS-CoV-2_5_RIGHT	0
SARS-CoV-2_7_LEFT	0
SARS-CoV-2_6_RIGHT	0
SARS-CoV-2_8_LEFT	0
SARS-CoV-2_7_RIGHT	329
SARS-CoV-2_9_LEFT	0
SARS-CoV-2_8_RIGHT	0
SARS-CoV-2_10_LEFT_alt1	6
SARS-CoV-2_10_LEFT	0
SARS-CoV-2_9_RIGHT	0
SARS-CoV-2_11_LEFT	0
SARS-CoV-2_10_RIGHT_alt1	533
SARS-CoV-2_10_RIGHT	0
SARS-CoV-2_12_LEFT	0
SARS-CoV-2_11_RIGHT	0
SARS-CoV-2_13_LEFT	0
SARS-CoV-2_12_RIGHT	0
SARS-CoV-2_14_LEFT	95
SARS-CoV-2_13_RIGHT	2057
SARS-CoV-2_15_LEFT	0
SARS-CoV-2_14_RIGHT	0
SARS-CoV-2_16_LEFT	0
SARS-CoV-2_15_RIGHT	0
SARS-CoV-2_17_LEFT	0
SARS-CoV-2_16_RIGHT	0
SARS-CoV-2_18_LEFT	83
SARS-CoV-2_17_RIGHT	0
SARS-CoV-2_19_LEFT	0
SARS-CoV-2_18_RIGHT	309
SARS-CoV-2_20_LEFT	4
SARS-CoV-2_19_RIGHT	20
SARS-CoV-2_21_LEFT	578
SARS-CoV-2_20_RIGHT	0
SARS-CoV-2_22_LEFT	0
SARS-CoV-2_21_RIGHT	0
SARS-CoV-2_23_LEFT	24
SARS-CoV-2_22_RIGHT	0
SARS-CoV-2_24_LEFT	2
SARS-CoV-2_23_RIGHT	0
SARS-CoV-2_23_RIGHT_alt1	0
SARS-CoV-2_25_LEFT	2455
SARS-CoV-2_24_RIGHT	0
SARS-CoV-2_26_LEFT	0
SARS-CoV-2_25_RIGHT	0
SARS-CoV-2_27_LEFT	309
SARS-CoV-2_26_RIGHT	0
SARS-CoV-2_28_LEFT	15
SARS-CoV-2_27_RIGHT_alt1	452
SARS-CoV-2_27_RIGHT	0
SARS-CoV-2_29_LEFT	0
SARS-CoV-2_28_RIGHT	0
SARS-CoV-2_30_LEFT	349
SARS-CoV-2_29_RIGHT	1
SARS-CoV-2_31_LEFT	673
SARS-CoV-2_30_RIGHT	2
SARS-CoV-2_32_LEFT	2
SARS-CoV-2_31_RIGHT	1
SARS-CoV-2_33_LEFT	4
SARS-CoV-2_32_RIGHT	1
SARS-CoV-2_34_LEFT	0
SARS-CoV-2_33_RIGHT	0
SARS-CoV-2_35_LEFT	0
SARS-CoV-2_34_RIGHT	1
SARS-CoV-2_36_LEFT	40
SARS-CoV-2_35_RIGHT	1
SARS-CoV-2_37_LEFT	0
SARS-CoV-2_36_RIGHT	671
SARS-CoV-2_38_LEFT	0
SARS-CoV-2_37_RIGHT	1962
SARS-CoV-2_39_LEFT	0
SARS-CoV-2_38_RIGHT	0
SARS-CoV-2_40_LEFT	2
SARS-CoV-2_39_RIGHT	3
SARS-CoV-2_41_LEFT	0
SARS-CoV-2_40_RIGHT	1
SARS-CoV-2_42_LEFT	0
SARS-CoV-2_41_RIGHT	595
SARS-CoV-2_43_LEFT	0
SARS-CoV-2_42_RIGHT	0
SARS-CoV-2_44_LEFT	0
SARS-CoV-2_43_RIGHT	0
SARS-CoV-2_45_LEFT	0
SARS-CoV-2_44_RIGHT	0
SARS-CoV-2_46_LEFT	0
SARS-CoV-2_45_RIGHT	2
SARS-CoV-2_47_LEFT	0
SARS-CoV-2_46_RIGHT	0
SARS-CoV-2_48_LEFT	2
SARS-CoV-2_47_RIGHT	0
SARS-CoV-2_49_LEFT	12
SARS-CoV-2_48_RIGHT	0
SARS-CoV-2_50_LEFT	0
SARS-CoV-2_49_RIGHT	212
SARS-CoV-2_51_LEFT	0
SARS-CoV-2_50_RIGHT	0
SARS-CoV-2_52_LEFT	0
SARS-CoV-2_51_RIGHT	0
SARS-CoV-2_53_LEFT	309
SARS-CoV-2_52_RIGHT	0
SARS-CoV-2_54_LEFT	230
SARS-CoV-2_53_RIGHT	0
SARS-CoV-2_55_LEFT	106
SARS-CoV-2_54_RIGHT	0
SARS-CoV-2_56_LEFT	0
SARS-CoV-2_55_RIGHT	0
SARS-CoV-2_57_LEFT	0
SARS-CoV-2_56_RIGHT	0
SARS-CoV-2_58_LEFT	0
SARS-CoV-2_57_RIGHT	1
SARS-CoV-2_59_LEFT	0
SARS-CoV-2_58_RIGHT	726
SARS-CoV-2_60_LEFT	0
SARS-CoV-2_59_RIGHT	0
SARS-CoV-2_61_LEFT	2228
SARS-CoV-2_60_RIGHT	0
SARS-CoV-2_62_LEFT	0
SARS-CoV-2_61_RIGHT	0
SARS-CoV-2_63_LEFT	2
SARS-CoV-2_62_RIGHT	0
SARS-CoV-2_64_LEFT	0
SARS-CoV-2_63_RIGHT	56
SARS-CoV-2_65_LEFT	0
SARS-CoV-2_64_RIGHT	0
SARS-CoV-2_66_LEFT	0
SARS-CoV-2_65_RIGHT	0
SARS-CoV-2_67_LEFT	2
SARS-CoV-2_66_RIGHT	104
SARS-CoV-2_68_LEFT	0
SARS-CoV-2_67_RIGHT	0
SARS-CoV-2_69_LEFT	0
SARS-CoV-2_68_RIGHT	2
SARS-CoV-2_70_LEFT	1
SARS-CoV-2_69_RIGHT	0
SARS-CoV-2_71_LEFT	139
SARS-CoV-2_70_RIGHT	30
SARS-CoV-2_72_LEFT	0
SARS-CoV-2_71_RIGHT	0
SARS-CoV-2_73_LEFT	249
SARS-CoV-2_72_RIGHT	0
SARS-CoV-2_74_LEFT	35
SARS-CoV-2_73_RIGHT	0
SARS-CoV-2_75_LEFT	0
SARS-CoV-2_74_RIGHT	0
SARS-CoV-2_76_LEFT	0
SARS-CoV-2_76_LEFT_alt1	7
SARS-CoV-2_75_RIGHT	0
SARS-CoV-2_77_LEFT	151
SARS-CoV-2_76_RIGHT	0
SARS-CoV-2_76_RIGHT_alt1	0
SARS-CoV-2_78_LEFT	0
SARS-CoV-2_77_RIGHT	5
SARS-CoV-2_79_LEFT	0
SARS-CoV-2_78_RIGHT	0
SARS-CoV-2_80_LEFT	2
SARS-CoV-2_79_RIGHT_alt1	0
SARS-CoV-2_79_RIGHT	0
SARS-CoV-2_81_LEFT	0
SARS-CoV-2_80_RIGHT	185
SARS-CoV-2_82_LEFT	0
SARS-CoV-2_81_RIGHT	0
SARS-CoV-2_83_LEFT	0
SARS-CoV-2_82_RIGHT	0
SARS-CoV-2_84_LEFT	0
SARS-CoV-2_83_RIGHT	0
SARS-CoV-2_85_LEFT	0
SARS-CoV-2_84_RIGHT	0
SARS-CoV-2_86_LEFT	1073
SARS-CoV-2_85_RIGHT	50
SARS-CoV-2_87_LEFT	0
SARS-CoV-2_86_RIGHT	818
SARS-CoV-2_88_LEFT_alt1	0
SARS-CoV-2_88_LEFT	0
SARS-CoV-2_87_RIGHT	0
SARS-CoV-2_89_LEFT	0
SARS-CoV-2_89_LEFT_alt1	13
SARS-CoV-2_88_RIGHT	0
SARS-CoV-2_90_LEFT	1
SARS-CoV-2_89_RIGHT	265
SARS-CoV-2_89_RIGHT_alt1	0
SARS-CoV-2_91_LEFT	107
SARS-CoV-2_90_RIGHT_alt1	150
SARS-CoV-2_90_RIGHT	0
SARS-CoV-2_92_LEFT	0
SARS-CoV-2_91_RIGHT	10
SARS-CoV-2_93_LEFT	0
SARS-CoV-2_92_RIGHT	0
SARS-CoV-2_94_LEFT	0
SARS-CoV-2_93_RIGHT	0
SARS-CoV-2_95_LEFT	5
SARS-CoV-2_94_RIGHT	51
SARS-CoV-2_96_LEFT	9
SARS-CoV-2_95_RIGHT	0
SARS-CoV-2_97_LEFT	141
SARS-CoV-2_96_RIGHT	0
SARS-CoV-2_98_LEFT	0
SARS-CoV-2_97_RIGHT	0
SARS-CoV-2_99_LEFT	290
SARS-CoV-2_98_RIGHT	0
SARS-CoV-2_99_RIGHT	1258

Trimmed primers from 8.86% (23433) of reads.
16.6% (43884) of reads were quality trimmed below the minimum length of 50 bp and were not written to file.
75.88% (200630) of reads that started outside of primer regions were not written to file
248093 unmapped reads were not written to file.
19.68% (52041) of reads had their insert size smaller than their read length
[bam_sort_core] merging from 0 files and 4 in-memory blocks...
[Wed Jun 24 09:17:24 PDT 2026] Step 4/7 — Alignment statistics
[Wed Jun 24 09:17:24 PDT 2026] Step 5/7 — Variant calling (ivar variants)
[mpileup] 1 samples in 1 input files
[Wed Jun 24 09:17:25 PDT 2026] Step 6/7 — Per-position depth
[Wed Jun 24 09:17:25 PDT 2026] Step 7/7 — Lineage demixing (freyja demix)
building mix/depth matrices
Traceback (most recent call last):
  File "/opt/anaconda3/envs/freyja-env/bin/freyja", line 10, in <module>
    sys.exit(cli())
             ~~~^^
  File "/opt/anaconda3/envs/freyja-env/lib/python3.13/site-packages/click/core.py", line 1524, in __call__
    return self.main(*args, **kwargs)
           ~~~~~~~~~^^^^^^^^^^^^^^^^^
  File "/opt/anaconda3/envs/freyja-env/lib/python3.13/site-packages/click/core.py", line 1445, in main
    rv = self.invoke(ctx)
  File "/opt/anaconda3/envs/freyja-env/lib/python3.13/site-packages/click/core.py", line 1912, in invoke
    return _process_result(sub_ctx.command.invoke(sub_ctx))
                           ~~~~~~~~~~~~~~~~~~~~~~^^^^^^^^^
  File "/opt/anaconda3/envs/freyja-env/lib/python3.13/site-packages/click/core.py", line 1308, in invoke
    return ctx.invoke(self.callback, **ctx.params)
           ~~~~~~~~~~^^^^^^^^^^^^^^^^^^^^^^^^^^^^^
  File "/opt/anaconda3/envs/freyja-env/lib/python3.13/site-packages/click/core.py", line 877, in invoke
    return callback(*args, **kwargs)
  File "/opt/anaconda3/envs/freyja-env/lib/python3.13/site-packages/freyja/_cli.py", line 237, in demix
    mix, depths_, cov, _ = build_mix_and_depth_arrays(variants,
                           ~~~~~~~~~~~~~~~~~~~~~~~~~~^^^^^^^^^^
                                                      depths,
                                                      ^^^^^^^
    ...<2 lines>...
                                                      autoadapt,
                                                      ^^^^^^^^^^
                                                      freqcol)
                                                      ^^^^^^^^
  File "/opt/anaconda3/envs/freyja-env/lib/python3.13/site-packages/freyja/sample_deconv.py", line 79, in build_mix_and_depth_arrays
    df_depth = pd.read_csv(depthFn, sep='\t', header=None, index_col=1)[[3]]
               ~~~~~~~~~~~~~~~~~~~~~~~~~~~~~~~~~~~~~~~~~~~~~~~~~~~~~~~~^^^^^
  File "/opt/anaconda3/envs/freyja-env/lib/python3.13/site-packages/pandas/core/frame.py", line 4384, in __getitem__
    indexer = self.columns._get_indexer_strict(key, "columns")[1]
              ~~~~~~~~~~~~~~~~~~~~~~~~~~~~~~~~^^^^^^^^^^^^^^^^
  File "/opt/anaconda3/envs/freyja-env/lib/python3.13/site-packages/pandas/core/indexes/base.py", line 6302, in _get_indexer_strict
    self._raise_if_missing(keyarr, indexer, axis_name)
    ~~~~~~~~~~~~~~~~~~~~~~^^^^^^^^^^^^^^^^^^^^^^^^^^^^
  File "/opt/anaconda3/envs/freyja-env/lib/python3.13/site-packages/pandas/core/indexes/base.py", line 6352, in _raise_if_missing
    raise KeyError(f"None of [{key}] are in the [{axis_name}]")
KeyError: "None of [Index([3], dtype='int64')] are in the [columns]"
[Wed Jun 24 09:19:26 PDT 2026] Starting pipeline for sample: SRR39226689
[Wed Jun 24 09:19:26 PDT 2026] Step 1/6 — Adapter trimming (fastp)
Detecting adapter sequence for read1...
No adapter detected for read1

Detecting adapter sequence for read2...
No adapter detected for read2

Read1 before filtering:
total reads: 624220
total bases: 41781444
Q20 bases: 40428772(96.7625%)
Q30 bases: 39705572(95.0316%)
Q40 bases: 0(0%)

Read2 before filtering:
total reads: 624220
total bases: 41673929
Q20 bases: 39972387(95.917%)
Q30 bases: 39258519(94.204%)
Q40 bases: 0(0%)

Read1 after filtering:
total reads: 256205
total bases: 25172294
Q20 bases: 25058608(99.5484%)
Q30 bases: 24571974(97.6152%)
Q40 bases: 0(0%)

Read2 after filtering:
total reads: 256205
total bases: 24898987
Q20 bases: 24739010(99.3575%)
Q30 bases: 24389779(97.9549%)
Q40 bases: 0(0%)

Filtering result:
reads passed filter: 512410
reads failed due to low quality: 68360
reads failed due to too many N: 148
reads failed due to too short: 667522
reads failed due to adapter dimer: 0
reads with adapter trimmed: 18312
bases trimmed due to adapters: 970378

Duplication rate: 86.0354%

Insert size peak (evaluated by paired-end reads): 42

JSON report: data/results/SRR39226689/trimmed/SRR39226689_fastp.json
HTML report: data/results/SRR39226689/trimmed/SRR39226689_fastp.html

fastp --in1 data/raw/SRR39226689_R1.fastq.gz --in2 data/raw/SRR39226689_R2.fastq.gz --out1 data/results/SRR39226689/trimmed/SRR39226689_R1.fastq.gz --out2 data/results/SRR39226689/trimmed/SRR39226689_R2.fastq.gz --json data/results/SRR39226689/trimmed/SRR39226689_fastp.json --html data/results/SRR39226689/trimmed/SRR39226689_fastp.html --thread 4 --qualified_quality_phred 20 --length_required 50 --detect_adapter_for_pe 
fastp v1.1.0, time used: 8 seconds
[Wed Jun 24 09:19:34 PDT 2026] Step 2/6 — Alignment (minimap2)
[M::mm_idx_gen::0.001*3.60] collected minimizers
[M::mm_idx_gen::0.002*3.68] sorted minimizers
[M::main::0.002*3.64] loaded/built the index for 1 target sequence(s)
[M::mm_mapopt_update::0.002*3.64] mid_occ = 1000
[M::mm_idx_stat] kmer size: 21; skip: 11; is_hpc: 0; #seq: 1
[M::mm_idx_stat::0.002*3.47] distinct minimizers: 4989 (99.98% are singletons); average occurrences: 1.002; average spacing: 5.979; total length: 29903
[M::worker_pipeline::1.205*2.40] mapped 511672 sequences
[M::worker_pipeline::1.206*2.40] mapped 738 sequences
[M::main] Version: 2.31-r1302
[M::main] CMD: minimap2 -ax sr -t 4 /opt/anaconda3/envs/freyja-env/lib/python3.13/site-packages/freyja/data/NC_045512_Hu-1.fasta data/results/SRR39226689/trimmed/SRR39226689_R1.fastq.gz data/results/SRR39226689/trimmed/SRR39226689_R2.fastq.gz
[M::main] Real time: 1.206 sec; CPU: 2.895 sec; Peak RSS: 0.195 GB
[bam_sort_core] merging from 0 files and 4 in-memory blocks...
[Wed Jun 24 09:19:35 PDT 2026] Step 3/6 — Primer trimming (ivar trim)
Found 209 primers in BED file
Reading from data/results/SRR39226689/aligned/SRR39226689.sorted.bam

-------
Results: 
Primer Name	Read Count
SARS-CoV-2_1_LEFT	1441
SARS-CoV-2_2_LEFT	0
SARS-CoV-2_1_RIGHT	0
SARS-CoV-2_3_LEFT	0
SARS-CoV-2_2_RIGHT	0
SARS-CoV-2_4_LEFT	1450
SARS-CoV-2_3_RIGHT	4
SARS-CoV-2_5_LEFT	0
SARS-CoV-2_4_RIGHT	4
SARS-CoV-2_6_LEFT	0
SARS-CoV-2_5_RIGHT	0
SARS-CoV-2_7_LEFT	0
SARS-CoV-2_6_RIGHT	0
SARS-CoV-2_8_LEFT	0
SARS-CoV-2_7_RIGHT	329
SARS-CoV-2_9_LEFT	0
SARS-CoV-2_8_RIGHT	0
SARS-CoV-2_10_LEFT_alt1	6
SARS-CoV-2_10_LEFT	0
SARS-CoV-2_9_RIGHT	0
SARS-CoV-2_11_LEFT	0
SARS-CoV-2_10_RIGHT_alt1	533
SARS-CoV-2_10_RIGHT	0
SARS-CoV-2_12_LEFT	0
SARS-CoV-2_11_RIGHT	0
SARS-CoV-2_13_LEFT	0
SARS-CoV-2_12_RIGHT	0
SARS-CoV-2_14_LEFT	95
SARS-CoV-2_13_RIGHT	2057
SARS-CoV-2_15_LEFT	0
SARS-CoV-2_14_RIGHT	0
SARS-CoV-2_16_LEFT	0
SARS-CoV-2_15_RIGHT	0
SARS-CoV-2_17_LEFT	0
SARS-CoV-2_16_RIGHT	0
SARS-CoV-2_18_LEFT	83
SARS-CoV-2_17_RIGHT	0
SARS-CoV-2_19_LEFT	0
SARS-CoV-2_18_RIGHT	309
SARS-CoV-2_20_LEFT	4
SARS-CoV-2_19_RIGHT	20
SARS-CoV-2_21_LEFT	578
SARS-CoV-2_20_RIGHT	0
SARS-CoV-2_22_LEFT	0
SARS-CoV-2_21_RIGHT	0
SARS-CoV-2_23_LEFT	24
SARS-CoV-2_22_RIGHT	0
SARS-CoV-2_24_LEFT	2
SARS-CoV-2_23_RIGHT	0
SARS-CoV-2_23_RIGHT_alt1	0
SARS-CoV-2_25_LEFT	2455
SARS-CoV-2_24_RIGHT	0
SARS-CoV-2_26_LEFT	0
SARS-CoV-2_25_RIGHT	0
SARS-CoV-2_27_LEFT	309
SARS-CoV-2_26_RIGHT	0
SARS-CoV-2_28_LEFT	15
SARS-CoV-2_27_RIGHT_alt1	452
SARS-CoV-2_27_RIGHT	0
SARS-CoV-2_29_LEFT	0
SARS-CoV-2_28_RIGHT	0
SARS-CoV-2_30_LEFT	349
SARS-CoV-2_29_RIGHT	1
SARS-CoV-2_31_LEFT	673
SARS-CoV-2_30_RIGHT	2
SARS-CoV-2_32_LEFT	2
SARS-CoV-2_31_RIGHT	1
SARS-CoV-2_33_LEFT	4
SARS-CoV-2_32_RIGHT	1
SARS-CoV-2_34_LEFT	0
SARS-CoV-2_33_RIGHT	0
SARS-CoV-2_35_LEFT	0
SARS-CoV-2_34_RIGHT	1
SARS-CoV-2_36_LEFT	40
SARS-CoV-2_35_RIGHT	1
SARS-CoV-2_37_LEFT	0
SARS-CoV-2_36_RIGHT	671
SARS-CoV-2_38_LEFT	0
SARS-CoV-2_37_RIGHT	1962
SARS-CoV-2_39_LEFT	0
SARS-CoV-2_38_RIGHT	0
SARS-CoV-2_40_LEFT	2
SARS-CoV-2_39_RIGHT	3
SARS-CoV-2_41_LEFT	0
SARS-CoV-2_40_RIGHT	1
SARS-CoV-2_42_LEFT	0
SARS-CoV-2_41_RIGHT	595
SARS-CoV-2_43_LEFT	0
SARS-CoV-2_42_RIGHT	0
SARS-CoV-2_44_LEFT	0
SARS-CoV-2_43_RIGHT	0
SARS-CoV-2_45_LEFT	0
SARS-CoV-2_44_RIGHT	0
SARS-CoV-2_46_LEFT	0
SARS-CoV-2_45_RIGHT	2
SARS-CoV-2_47_LEFT	0
SARS-CoV-2_46_RIGHT	0
SARS-CoV-2_48_LEFT	2
SARS-CoV-2_47_RIGHT	0
SARS-CoV-2_49_LEFT	12
SARS-CoV-2_48_RIGHT	0
SARS-CoV-2_50_LEFT	0
SARS-CoV-2_49_RIGHT	212
SARS-CoV-2_51_LEFT	0
SARS-CoV-2_50_RIGHT	0
SARS-CoV-2_52_LEFT	0
SARS-CoV-2_51_RIGHT	0
SARS-CoV-2_53_LEFT	309
SARS-CoV-2_52_RIGHT	0
SARS-CoV-2_54_LEFT	230
SARS-CoV-2_53_RIGHT	0
SARS-CoV-2_55_LEFT	106
SARS-CoV-2_54_RIGHT	0
SARS-CoV-2_56_LEFT	0
SARS-CoV-2_55_RIGHT	0
SARS-CoV-2_57_LEFT	0
SARS-CoV-2_56_RIGHT	0
SARS-CoV-2_58_LEFT	0
SARS-CoV-2_57_RIGHT	1
SARS-CoV-2_59_LEFT	0
SARS-CoV-2_58_RIGHT	726
SARS-CoV-2_60_LEFT	0
SARS-CoV-2_59_RIGHT	0
SARS-CoV-2_61_LEFT	2228
SARS-CoV-2_60_RIGHT	0
SARS-CoV-2_62_LEFT	0
SARS-CoV-2_61_RIGHT	0
SARS-CoV-2_63_LEFT	2
SARS-CoV-2_62_RIGHT	0
SARS-CoV-2_64_LEFT	0
SARS-CoV-2_63_RIGHT	56
SARS-CoV-2_65_LEFT	0
SARS-CoV-2_64_RIGHT	0
SARS-CoV-2_66_LEFT	0
SARS-CoV-2_65_RIGHT	0
SARS-CoV-2_67_LEFT	2
SARS-CoV-2_66_RIGHT	104
SARS-CoV-2_68_LEFT	0
SARS-CoV-2_67_RIGHT	0
SARS-CoV-2_69_LEFT	0
SARS-CoV-2_68_RIGHT	2
SARS-CoV-2_70_LEFT	1
SARS-CoV-2_69_RIGHT	0
SARS-CoV-2_71_LEFT	139
SARS-CoV-2_70_RIGHT	30
SARS-CoV-2_72_LEFT	0
SARS-CoV-2_71_RIGHT	0
SARS-CoV-2_73_LEFT	249
SARS-CoV-2_72_RIGHT	0
SARS-CoV-2_74_LEFT	35
SARS-CoV-2_73_RIGHT	0
SARS-CoV-2_75_LEFT	0
SARS-CoV-2_74_RIGHT	0
SARS-CoV-2_76_LEFT	0
SARS-CoV-2_76_LEFT_alt1	7
SARS-CoV-2_75_RIGHT	0
SARS-CoV-2_77_LEFT	151
SARS-CoV-2_76_RIGHT	0
SARS-CoV-2_76_RIGHT_alt1	0
SARS-CoV-2_78_LEFT	0
SARS-CoV-2_77_RIGHT	5
SARS-CoV-2_79_LEFT	0
SARS-CoV-2_78_RIGHT	0
SARS-CoV-2_80_LEFT	2
SARS-CoV-2_79_RIGHT_alt1	0
SARS-CoV-2_79_RIGHT	0
SARS-CoV-2_81_LEFT	0
SARS-CoV-2_80_RIGHT	185
SARS-CoV-2_82_LEFT	0
SARS-CoV-2_81_RIGHT	0
SARS-CoV-2_83_LEFT	0
SARS-CoV-2_82_RIGHT	0
SARS-CoV-2_84_LEFT	0
SARS-CoV-2_83_RIGHT	0
SARS-CoV-2_85_LEFT	0
SARS-CoV-2_84_RIGHT	0
SARS-CoV-2_86_LEFT	1073
SARS-CoV-2_85_RIGHT	50
SARS-CoV-2_87_LEFT	0
SARS-CoV-2_86_RIGHT	818
SARS-CoV-2_88_LEFT_alt1	0
SARS-CoV-2_88_LEFT	0
SARS-CoV-2_87_RIGHT	0
SARS-CoV-2_89_LEFT	0
SARS-CoV-2_89_LEFT_alt1	13
SARS-CoV-2_88_RIGHT	0
SARS-CoV-2_90_LEFT	1
SARS-CoV-2_89_RIGHT	265
SARS-CoV-2_89_RIGHT_alt1	0
SARS-CoV-2_91_LEFT	107
SARS-CoV-2_90_RIGHT_alt1	150
SARS-CoV-2_90_RIGHT	0
SARS-CoV-2_92_LEFT	0
SARS-CoV-2_91_RIGHT	10
SARS-CoV-2_93_LEFT	0
SARS-CoV-2_92_RIGHT	0
SARS-CoV-2_94_LEFT	0
SARS-CoV-2_93_RIGHT	0
SARS-CoV-2_95_LEFT	5
SARS-CoV-2_94_RIGHT	51
SARS-CoV-2_96_LEFT	9
SARS-CoV-2_95_RIGHT	0
SARS-CoV-2_97_LEFT	141
SARS-CoV-2_96_RIGHT	0
SARS-CoV-2_98_LEFT	0
SARS-CoV-2_97_RIGHT	0
SARS-CoV-2_99_LEFT	290
SARS-CoV-2_98_RIGHT	0
SARS-CoV-2_99_RIGHT	1258

Trimmed primers from 8.86% (23433) of reads.
16.6% (43884) of reads were quality trimmed below the minimum length of 50 bp and were not written to file.
75.88% (200630) of reads that started outside of primer regions were not written to file
248093 unmapped reads were not written to file.
19.68% (52041) of reads had their insert size smaller than their read length
[bam_sort_core] merging from 0 files and 4 in-memory blocks...
[Wed Jun 24 09:19:37 PDT 2026] Step 4/6 — Alignment statistics
[Wed Jun 24 09:19:37 PDT 2026] Step 5/6 — Variant calling + depth (freyja variants)
samtools mpileup -aa -A -d 600000 -Q 20 -q 0 -B -f /opt/anaconda3/envs/freyja-env/lib/python3.13/site-packages/freyja/data/NC_045512_Hu-1.fasta data/results/SRR39226689/aligned/SRR39226689.trimmed.sorted.bam | tee >(cut -f1-4 > data/results/SRR39226689/variants/SRR39226689.depths.tsv) | ivar variants -p data/results/SRR39226689/variants/SRR39226689 -q 20 -t 0.0 -r /opt/anaconda3/envs/freyja-env/lib/python3.13/site-packages/freyja/data/NC_045512_Hu-1.fasta
[mpileup] 1 samples in 1 input files
[Wed Jun 24 09:19:39 PDT 2026] Step 6/6 — Lineage demixing (freyja demix)
/opt/anaconda3/envs/freyja-env/lib/python3.13/site-packages/freyja/sample_deconv.py:201: UserWarning: Solution may be inaccurate. Try another solver, adjusting the solver settings, or solve with verbose=True for more information.
  prob.solve(verbose=verbose, solver=solver_, **solver_kwargs)
building mix/depth matrices
demixing
[Wed Jun 24 09:19:44 PDT 2026] Done. Results → data/results/SRR39226689/SRR39226689.freyja.tsv

── Lineage summary ──────────────────────────────────────────────────────
	data/results/SRR39226689/variants/SRR39226689.tsv
summarized	[('Other', 0.5608356987396801), ('XFG* (XFG.X)', 0.43122712452371476)]
lineages	XFG.1 XDD.2 XDD.1 XDD XFG.1.1 XFG.1.1.2 XFG.1.1.6 XFG.1.1.5 XGQ XGV QK.4 XDS XFG.28
abundances	0.23009317 0.18230581 0.18230581 0.18230581 0.04948547 0.04948547 0.04948547 0.04948547 0.00938967 0.00313972 0.00180832 0.00138889 0.00138375
resid	9.95042105807908
coverage	17.70390930675852
